[debug] [2025-11-28T01:04:23.795Z] ----------------------------------------------------------------------
[debug] [2025-11-28T01:04:23.797Z] Command:       /opt/homebrew/Cellar/node/23.5.0/bin/node /opt/homebrew/bin/firebase init
[debug] [2025-11-28T01:04:23.797Z] CLI Version:   14.26.0
[debug] [2025-11-28T01:04:23.797Z] Platform:      darwin
[debug] [2025-11-28T01:04:23.797Z] Node Version:  v23.5.0
[debug] [2025-11-28T01:04:23.798Z] Time:          Thu Nov 27 2025 20:04:23 GMT-0500 (Eastern Standard Time)
[debug] [2025-11-28T01:04:23.798Z] ----------------------------------------------------------------------
[debug] 
[info] 
     ######## #### ########  ######## ########     ###     ######  ########
     ##        ##  ##     ## ##       ##     ##  ##   ##  ##       ##
     ######    ##  ########  ######   ########  #########  ######  ######
     ##        ##  ##    ##  ##       ##     ## ##     ##       ## ##
     ##       #### ##     ## ######## ########  ##     ##  ######  ########

You're about to initialize a Firebase project in this directory:

  /Users/College/projects/ichess

[info] 
=== Project Setup
[info] 
[info] First, let's associate this project directory with a Firebase project.
[info] You can create multiple project aliases by running firebase use --add, 
[info] 
[debug] [2025-11-28T01:04:49.379Z] > command requires scopes: ["email","openid","https://www.googleapis.com/auth/cloudplatformprojects.readonly","https://www.googleapis.com/auth/firebase","https://www.googleapis.com/auth/cloud-platform"]
[debug] [2025-11-28T01:04:49.379Z] > authorizing via signed-in user (minmaung0307@gmail.com)
[debug] [2025-11-28T01:04:49.380Z] Checked if tokens are valid: false, expires at: 1764263452371
[debug] [2025-11-28T01:04:49.380Z] Checked if tokens are valid: false, expires at: 1764263452371
[debug] [2025-11-28T01:04:49.380Z] > refreshing access token with scopes: []
[debug] [2025-11-28T01:04:49.382Z] >>> [apiv2][query] POST https://www.googleapis.com/oauth2/v3/token [none]
[debug] [2025-11-28T01:04:49.382Z] >>> [apiv2][body] POST https://www.googleapis.com/oauth2/v3/token [omitted]
[debug] [2025-11-28T01:04:49.649Z] <<< [apiv2][status] POST https://www.googleapis.com/oauth2/v3/token 200
[debug] [2025-11-28T01:04:49.650Z] <<< [apiv2][body] POST https://www.googleapis.com/oauth2/v3/token [omitted]
[debug] [2025-11-28T01:04:49.669Z] >>> [apiv2][query] GET https://firebase.googleapis.com/v1beta1/projects pageSize=100
[debug] [2025-11-28T01:04:50.195Z] <<< [apiv2][status] GET https://firebase.googleapis.com/v1beta1/projects 200
[debug] [2025-11-28T01:04:50.195Z] <<< [apiv2][body] GET https://firebase.googleapis.com/v1beta1/projects [omitted]
[info] 
=== Hosting Setup
[debug] [2025-11-28T01:04:53.685Z] Checked if tokens are valid: true, expires at: 1764295488650
[debug] [2025-11-28T01:04:53.685Z] Checked if tokens are valid: true, expires at: 1764295488650
[debug] [2025-11-28T01:04:53.685Z] >>> [apiv2][query] GET https://firebase.googleapis.com/v1beta1/projects/chess-mm [none]
[debug] [2025-11-28T01:04:53.894Z] <<< [apiv2][status] GET https://firebase.googleapis.com/v1beta1/projects/chess-mm 200
[debug] [2025-11-28T01:04:53.894Z] <<< [apiv2][body] GET https://firebase.googleapis.com/v1beta1/projects/chess-mm {"projectId":"chess-mm","projectNumber":"875549272410","displayName":"ichess","name":"projects/chess-mm","resources":{"hostingSite":"chess-mm"},"state":"ACTIVE","etag":"1_3499a169-6b25-4f04-9365-9c7f1a686af0"}
[info] 
[info] Your public directory is the folder (relative to your project directory) that
[info] will contain Hosting assets to be uploaded with firebase deploy. If you
[info] have a build process for your assets, use your build's output directory.
[info] 
